0 info it worked if it ends with ok
1 verbose cli [ 'C:\\Program Files\\nodejs\\node.exe',
1 verbose cli   'C:\\Program Files\\nodejs\\node_modules\\npm\\bin\\npm-cli.js',
1 verbose cli   'start' ]
2 info using npm@3.10.9
3 info using node@v6.2.1
4 verbose run-script [ 'prestart', 'start', 'poststart' ]
5 info lifecycle web-api@1.0.0~prestart: web-api@1.0.0
6 silly lifecycle web-api@1.0.0~prestart: no script for prestart, continuing
7 info lifecycle web-api@1.0.0~start: web-api@1.0.0
8 verbose lifecycle web-api@1.0.0~start: unsafe-perm in lifecycle true
9 verbose lifecycle web-api@1.0.0~start: PATH: C:\Users\Comp1\AppData\Roaming\nvm\v6.2.1\node_modules\npm\bin\node-gyp-bin;F:\projects\Creating-Apps-With-Angular-Node-and-Token-Authentication\api\node_modules\.bin;C:\Program Files\cmder\bin;C:\Program Files (x86)\Git\bin;C:\Program Files (x86)\Git\usr\bin;C:\Program Files (x86)\Git\share\vim\vim74;C:\Program Files\cmder\vendor\conemu-maximus5\ConEmu\Scripts;C:\Program\bin;C:\Program\vendor\msysgit\bin;C:\Program\vendor\msysgit\mingw\bin;C:\Program\vendor\msysgit\cmd;C:\Program\vendor\msysgit\share\vim\vim74;C:\Program;C:\Program Files\cmder\vendor\conemu-maximus5\ConEmu;C:\Program Files\cmder\vendor\conemu-maximus5;C:\ProgramData\Oracle\Java\javapath;C:\Windows\system32;C:\Windows;C:\Windows\System32\Wbem;C:\Windows\System32\WindowsPowerShell\v1.0\;C:\Program Files (x86)\Git\cmd;C:\Program Files (x86)\Heroku\bin;C:\Program Files (x86)\git\cmd;C:\Users\Comp1\AppData\Roaming\npm;C:\Users\Comp1\AppData\Roaming\nvm;C:\Program Files\nodejs;C:\Program Files (x86)\Skype\Phone\;C:\Program Files\TortoiseGit\bin;C:\Program Files\Git LFS;C:\WINDOWS\system32;C:\WINDOWS;C:\WINDOWS\System32\Wbem;C:\WINDOWS\System32\WindowsPowerShell\v1.0\;C:\Program Files (x86)\NVIDIA Corporation\PhysX\Common;C:\WINDOWS\system32\config\systemprofile\.dnx\bin;C:\Program Files\Microsoft DNX\Dnvm\;C:\Program Files\Microsoft SQL Server\130\Tools\Binn\;C:\Program Files (x86)\Windows Kits\8.1\Windows Performance Toolkit\;C:\Program Files (x86)\Calibre2\;C:\WINDOWS\system32;C:\WINDOWS;C:\WINDOWS\System32\Wbem;C:\WINDOWS\System32\WindowsPowerShell\v1.0\;C:\Program Files\MongoDB\Server\3.2\bin;C:\Program Files (x86)\Yarn\bin;C:\Program Files\cmder\bin;C:\Program Files\cmder\vendor\msysgit\bin;C:\Program Files\cmder\vendor\msysgit\mingw\bin;C:\Program Files\cmder\vendor\msysgit\cmd;C:\Program Files\cmder\vendor\msysgit\share\vim\vim74;C:\Program Files\cmder;C:\Program\bin;C:\Program\vendor\msysgit\bin;C:\Program\vendor\msysgit\mingw\bin;C:\Program\vendor\msysgit\cmd;C:\Program\vendor\msysgit\share\vim\vim74;C:\Program;C:\Program Files\cmder\vendor\conemu-maximus5\ConEmu;C:\Program Files\cmder\vendor\conemu-maximus5;C:\ProgramData\Oracle\Java\javapath;C:\Program Files (x86)\NVIDIA Corporation\PhysX\Common;C:\Windows\system32;C:\Windows;C:\Windows\System32\Wbem;C:\Windows\System32\WindowsPowerShell\v1.0\;C:\Program Files (x86)\Skype\Phone\;C:\Program Files (x86)\Git\cmd;C:\Program Files (x86)\Heroku\bin;C:\Program Files (x86)\git\cmd;C:\Program Files\iojs\;C:\Program Files\Sublime Text 3;C:\Users\Comp1\AppData\Local\atom\bin;C:\Users\Comp1\AppData\Roaming\npm;C:\Users\Comp1\AppData\Roaming\nvm;C:\Program Files\nodejs;C:\Program Files (x86)\Microsoft VS Code\bin;C:\Users\Comp1\AppData\Local\Microsoft\WindowsApps;C:\Program Files\MongoDB\Server\3.2\bin;C:\Users\Comp1\AppData\Local\Yarn\.bin;C:\Program Files\cmder
10 verbose lifecycle web-api@1.0.0~start: CWD: F:\projects\Creating-Apps-With-Angular-Node-and-Token-Authentication\api
11 silly lifecycle web-api@1.0.0~start: Args: [ '/d /s /c', 'nodemon api.js' ]
12 silly lifecycle web-api@1.0.0~start: Returned: code: 1  signal: null
13 info lifecycle web-api@1.0.0~start: Failed to exec start script
14 verbose stack Error: web-api@1.0.0 start: `nodemon api.js`
14 verbose stack Exit status 1
14 verbose stack     at EventEmitter.<anonymous> (C:\Users\Comp1\AppData\Roaming\nvm\v6.2.1\node_modules\npm\lib\utils\lifecycle.js:255:16)
14 verbose stack     at emitTwo (events.js:106:13)
14 verbose stack     at EventEmitter.emit (events.js:191:7)
14 verbose stack     at ChildProcess.<anonymous> (C:\Users\Comp1\AppData\Roaming\nvm\v6.2.1\node_modules\npm\lib\utils\spawn.js:40:14)
14 verbose stack     at emitTwo (events.js:106:13)
14 verbose stack     at ChildProcess.emit (events.js:191:7)
14 verbose stack     at maybeClose (internal/child_process.js:852:16)
14 verbose stack     at Process.ChildProcess._handle.onexit (internal/child_process.js:215:5)
15 verbose pkgid web-api@1.0.0
16 verbose cwd F:\projects\Creating-Apps-With-Angular-Node-and-Token-Authentication\api
17 error Windows_NT 10.0.14393
18 error argv "C:\\Program Files\\nodejs\\node.exe" "C:\\Program Files\\nodejs\\node_modules\\npm\\bin\\npm-cli.js" "start"
19 error node v6.2.1
20 error npm  v3.10.9
21 error code ELIFECYCLE
22 error web-api@1.0.0 start: `nodemon api.js`
22 error Exit status 1
23 error Failed at the web-api@1.0.0 start script 'nodemon api.js'.
23 error Make sure you have the latest version of node.js and npm installed.
23 error If you do, this is most likely a problem with the web-api package,
23 error not with npm itself.
23 error Tell the author that this fails on your system:
23 error     nodemon api.js
23 error You can get information on how to open an issue for this project with:
23 error     npm bugs web-api
23 error Or if that isn't available, you can get their info via:
23 error     npm owner ls web-api
23 error There is likely additional logging output above.
24 verbose exit [ 1, true ]
